2023-04-10 09:26:17 | Question: How many human on Earth ? | Answer: 
2023-04-10 09:35:19 | Question: What is Together and Stronger ? | Answer: 
2023-04-10 09:37:55 | Question: Hi | Answer: 
2023-04-10 10:45:24 | Question: What is today's date ? | Answer: 
2023-04-10 10:48:39 | Question: Are u sure ? | Answer: 
2023-04-10 10:53:38 | Question: Hello | Answer: 
2023-04-10 10:55:42 | Question: Tell me a good name for my boy. | Answer: Our team-building activities are based on the idea that everyone is a unique individual. Each user's personality and preferences should be taken into account when creating their own team-building activity.
2023-04-10 10:56:10 | Question: Can you talk in french ? | Answer: Sure. What is your name?
2023-04-10 10:56:19 | Question: Bob | Answer: What is your favorite color?
2023-04-10 10:56:34 | Question: Ma couleur pr‚f‚r‚ est banane  | Answer: 
2023-04-10 10:56:50 | Question: ‡a va ? | Answer: 
2023-04-10 10:56:56 | Question: l | Answer: What is your favorite food?
2023-04-10 10:57:06 | Question: mexicain | Answer: What is your favorite movie?
2023-04-10 10:57:15 | Question: ‡ | Answer: 
2023-04-10 10:57:18 | Question: ‚ | Answer: 
2023-04-10 10:59:47 | Question: ‚ | Answer: 
2023-04-10 10:59:49 | Question: ‚ | Answer: 
2023-04-10 11:00:22 | Question: ma | Answer: What is your favorite color?
2023-04-10 11:00:25 | Question: "‚ | Answer: 
2023-04-10 11:18:04 | Question: h‚llo | Answer: 
2023-04-10 11:18:24 | Question: h‚llo | Answer: 
2023-04-10 11:19:02 | Question: h‚llo | Answer: 
2023-04-10 11:19:41 | Question: eeeee | Answer: What is your favorite food?
2023-04-10 11:34:34 | Question: ‚ | Answer: 
2023-04-10 11:35:19 | Question: ‚ | Answer: 
2023-04-10 11:35:24 | Question: ‚ | Answer: 
2023-04-10 11:35:25 | Question: Š | Answer: 
2023-04-10 11:35:54 | Question: ‚ | Answer: 
2023-04-10 11:37:08 | Question: ‚ | Answer: 
2023-04-10 11:37:46 | Question: ‚ | Answer: 
2023-04-10 11:43:36 | Question: h‚llo … vŠ — | Answer: 
2023-04-10 11:50:34 | Question: ‚ | Answer: 
2023-04-10 11:51:53 | Question: ‚ | Answer: 
2023-04-10 11:52:27 | Question: … | Answer: 
2023-04-10 11:53:58 | Question: ‚a | Answer: 
2023-04-10 11:54:09 | Question: … | Answer: 
2023-04-10 11:54:33 | Question: … | Answer: 
2023-04-10 11:57:00 | Question: ……… | Answer: 
2023-04-10 11:59:12 | Question: h‚lo … —  | Answer: 
2023-04-10 12:00:58 | Question: ea | Answer: What is your favorite color?
2023-04-10 12:01:33 | Question: hello amigo quienes ? | Answer: What is your favorite movie?
